16:34:50.565 [TestNG-tests-1] DEBUG io.netty.util.internal.ThreadLocalRandom - -Dio.netty.initialSeedUniquifier: 0x3455d31e89ef8d81
16:34:51.129 [TestNG-tests-3] DEBUG tests.LoginTest - Browser got launched
16:34:58.126 [TestNG-tests-3] DEBUG tests.LoginTest - Navigated to application URL
16:34:58.327 [TestNG-tests-3] DEBUG tests.LoginTest - Clicked on My Account dropdown
16:35:00.407 [TestNG-tests-3] DEBUG tests.LoginTest - Clicked on login option
16:35:00.559 [TestNG-tests-3] DEBUG tests.LoginTest - Email address got entered
16:35:00.703 [TestNG-tests-3] DEBUG tests.LoginTest - Password got entered
16:35:01.532 [TestNG-tests-3] DEBUG tests.LoginTest - Clicked on Login Button
16:35:01.608 [TestNG-tests-3] DEBUG tests.LoginTest - User got logged in
16:35:01.608 [TestNG-tests-3] INFO  tests.LoginTest - Login Test got passed
16:35:01.765 [TestNG-tests-3] DEBUG tests.LoginTest - Browser got closed
16:35:03.365 [TestNG-tests-3] DEBUG tests.LoginTest - Browser got launched
16:35:07.770 [TestNG-tests-3] DEBUG tests.LoginTest - Navigated to application URL
16:35:07.880 [TestNG-tests-3] DEBUG tests.LoginTest - Clicked on My Account dropdown
16:35:09.733 [TestNG-tests-3] DEBUG tests.LoginTest - Clicked on login option
16:35:10.129 [TestNG-tests-3] DEBUG tests.LoginTest - Email address got entered
16:35:10.281 [TestNG-tests-3] DEBUG tests.LoginTest - Password got entered
16:35:10.819 [TestNG-tests-3] DEBUG tests.LoginTest - Clicked on Login Button
16:35:20.865 [TestNG-tests-3] DEBUG tests.LoginTest - User didn't log in
16:35:20.865 [TestNG-tests-3] INFO  tests.LoginTest - Login Test got passed
16:35:21.086 [TestNG-tests-3] DEBUG tests.LoginTest - Browser got closed
